SF:/Users/phil/github/mine/css-plus/data/entrepreneurship-raw.xhtml
DA:3,2
DA:23,56
DA:27,1
DA:28,1
DA:39,2
DA:42,2
DA:42,1
DA:45,4
DA:45,1
DA:60,4
DA:60,1
DA:62,4
DA:62,1
DA:65,2
DA:67,2
DA:67,1
DA:67,2
DA:69,2
DA:71,4
DA:71,1
DA:71,1
DA:71,2
DA:73,2
DA:73,1
DA:73,2
DA:73,1
DA:73,1
DA:73,3
DA:73,1
DA:73,1
DA:75,1
DA:76,1
DA:77,1
DA:78,1
DA:79,1
DA:83,2
DA:84,1
DA:85,1
DA:86,1
DA:87,2
DA:90,2
DA:91,1
DA:92,1
DA:93,1
DA:94,2
DA:97,2
DA:98,1
DA:99,1
DA:100,1
DA:101,2
DA:104,2
DA:105,1
DA:106,1
DA:107,1
DA:108,2
DA:133,1
DA:133,3
DA:133,1
DA:133,1
DA:135,1
DA:136,1
DA:140,2
DA:141,1
DA:144,2
DA:145,1
DA:148,2
DA:149,1
DA:151,1
DA:151,3
DA:151,1
DA:151,1
DA:153,1
DA:154,1
DA:158,2
DA:159,1
DA:162,2
DA:163,1
DA:166,2
DA:167,1
DA:169,1
DA:169,3
DA:169,1
DA:169,1
DA:171,1
DA:172,1
DA:176,2
DA:177,1
DA:180,2
DA:181,1
DA:184,2
DA:185,1
DA:187,1
DA:187,3
DA:187,1
DA:187,1
DA:189,1
DA:190,1
DA:194,2
DA:195,1
DA:198,2
DA:202,1
DA:205,2
DA:206,1
DA:208,1
DA:208,3
DA:208,1
DA:208,1
DA:210,1
DA:211,1
DA:215,2
DA:216,1
DA:219,2
DA:223,1
DA:226,2
DA:227,1
DA:229,1
DA:229,3
DA:229,1
DA:229,1
DA:231,1
DA:232,1
DA:236,2
DA:237,1
DA:240,2
DA:244,1
DA:252,2
DA:253,1
DA:257,1
DA:257,3
DA:257,1
DA:257,1
DA:259,1
DA:260,1
DA:261,1
DA:265,2
DA:266,1
DA:267,1
DA:270,2
DA:271,1
DA:272,1
DA:275,2
DA:276,1
DA:277,1
DA:280,2
DA:281,1
DA:282,1
DA:285,2
DA:286,1
DA:287,1
DA:290,2
DA:291,1
DA:292,1
DA:295,2
DA:296,1
DA:297,1
DA:299,1
DA:299,3
DA:299,1
DA:299,1
DA:301,1
DA:302,1
DA:303,1
DA:307,2
DA:308,1
DA:309,1
DA:312,2
DA:313,1
DA:314,1
DA:317,2
DA:318,1
DA:319,1
DA:322,2
DA:323,1
DA:324,1
DA:327,2
DA:328,1
DA:329,1
DA:332,2
DA:333,1
DA:334,1
DA:337,2
DA:338,1
DA:339,1
DA:344,2
DA:345,2
DA:345,1
DA:345,2
DA:346,4
DA:489,4
DA:489,1
DA:490,2
DA:490,1
DA:490,2
DA:491,2
DA:491,1
DA:491,2
DA:492,2
DA:492,1
DA:492,2
DA:493,2
DA:493,1
DA:493,2
DA:494,2
DA:494,1
DA:494,2
DA:495,2
DA:495,1
DA:495,2
DA:495,2
DA:496,2
DA:498,1
DA:496,2
DA:500,2
DA:500,2
DA:500,1
DA:500,2
DA:500,2
DA:502,1
DA:500,2
DA:508,4
DA:508,1
DA:508,2
DA:508,1
DA:508,2
DA:509,2
DA:510,2
DA:510,1
DA:510,2
DA:513,4
DA:513,1
DA:804,2
DA:805,2
DA:805,1
DA:805,2
DA:809,2
DA:810,2
DA:810,1
DA:810,2
DA:810,2
DA:811,2
DA:811,1
DA:811,2
DA:812,4
DA:813,4
DA:814,4
DA:815,4
DA:816,4
DA:817,4
DA:818,2
DA:820,2
DA:820,1
DA:820,2
DA:821,4
DA:821,1
DA:350,1
DA:363,1
DA:376,1
DA:389,1
DA:514,1
DA:525,1
DA:536,1
DA:547,1
DA:838,1
DA:849,1
DA:860,1
DA:871,1
DA:400,1
DA:408,1
DA:416,1
DA:426,1
DA:558,1
DA:562,1
DA:569,1
DA:577,1
DA:882,1
DA:887,1
DA:892,1
DA:897,1
DA:432,1
DA:444,1
DA:455,1
DA:467,1
DA:583,1
DA:595,1
DA:608,1
DA:610,1
DA:610,3
DA:610,1
DA:610,1
DA:612,1
DA:613,1
DA:614,1
DA:615,1
DA:619,2
DA:620,1
DA:621,1
DA:622,1
DA:625,2
DA:626,1
DA:627,1
DA:628,1
DA:631,2
DA:632,1
DA:633,1
DA:634,1
DA:637,2
DA:638,1
DA:639,1
DA:640,1
DA:643,2
DA:644,1
DA:645,1
DA:646,1
DA:649,2
DA:650,1
DA:651,1
DA:652,1
DA:655,2
DA:656,1
DA:657,1
DA:658,1
DA:661,2
DA:662,1
DA:663,1
DA:664,1
DA:667,2
DA:668,1
DA:669,1
DA:670,1
DA:673,2
DA:674,1
DA:675,1
DA:676,1
DA:679,2
DA:680,1
DA:681,1
DA:682,1
DA:685,2
DA:686,1
DA:687,1
DA:688,1
DA:691,2
DA:692,1
DA:693,1
DA:694,1
DA:700,1
DA:700,3
DA:700,1
DA:700,1
DA:702,1
DA:703,1
DA:704,1
DA:705,1
DA:709,2
DA:710,1
DA:711,1
DA:712,1
DA:715,2
DA:716,1
DA:717,1
DA:718,1
DA:721,2
DA:722,1
DA:723,1
DA:724,1
DA:727,2
DA:728,1
DA:729,1
DA:730,1
DA:733,2
DA:734,1
DA:735,1
DA:736,1
DA:739,2
DA:740,1
DA:741,1
DA:742,1
DA:745,2
DA:746,1
DA:747,1
DA:748,1
DA:751,2
DA:752,1
DA:753,1
DA:754,1
DA:757,2
DA:758,1
DA:759,1
DA:760,1
DA:763,2
DA:764,1
DA:765,1
DA:766,1
DA:769,2
DA:770,1
DA:771,1
DA:772,1
DA:775,2
DA:776,1
DA:777,1
DA:778,1
DA:781,2
DA:782,1
DA:783,1
DA:784,1
DA:788,1
DA:902,1
DA:913,1
DA:924,1
DA:935,1
DA:479,1
DA:480,1
DA:481,1
DA:482,1
DA:951,1
DA:798,2
DA:798,2
DA:798,2
end_of_record
SF:/Users/phil/github/mine/css-plus/data/style.less
DA:24,1
DA:25,1
DA:26,1
DA:29,1
DA:31,1
DA:32,1
DA:39,1
DA:40,1
DA:42,1
DA:43,1
DA:52,1
DA:47,1
DA:48,1
DA:49,1
DA:56,1
DA:57,1
DA:59,1
DA:60,1
DA:61,1
DA:64,1
DA:65,1
DA:66,1
DA:67,1
DA:72,3
DA:73,3
DA:74,3
DA:78,3
DA:79,3
DA:80,3
DA:81,3
DA:88,3
DA:84,3
DA:85,3
DA:86,3
DA:96,1
DA:97,1
DA:98,1
DA:99,1
DA:102,1
DA:103,1
DA:104,1
DA:105,1
DA:106,1
DA:111,1
DA:114,1
DA:115,1
DA:116,1
DA:117,1
DA:118,1
DA:120,1
DA:121,1
DA:122,1
DA:123,1
DA:124,1
DA:131,4
DA:132,4
DA:133,4
DA:140,1
DA:141,1
DA:142,1
DA:144,1
DA:148,1
DA:156,3
DA:157,3
DA:158,3
DA:161,3
DA:168,1
DA:170,1
DA:173,1
DA:174,1
DA:179,32
DA:181,4
DA:187,15
DA:190,15
DA:191,15
DA:192,15
DA:193,15
DA:194,15
DA:195,15
DA:196,15
DA:197,15
DA:198,15
DA:199,15
DA:200,15
DA:201,15
DA:202,15
DA:203,15
DA:204,15
DA:207,15
DA:208,15
DA:209,15
DA:210,15
DA:211,15
DA:212,15
DA:213,15
DA:214,15
DA:219,15
DA:220,15
DA:221,15
DA:225,8
DA:226,8
DA:240,19
DA:241,19
DA:242,19
DA:243,19
DA:244,19
DA:245,19
DA:248,19
DA:249,19
DA:250,19
DA:264,18
DA:265,18
DA:266,18
DA:267,18
DA:268,18
DA:254,19
DA:255,19
DA:256,19
DA:257,19
DA:258,19
DA:259,19
DA:275,18
DA:276,18
DA:277,18
DA:291,1
DA:295,1
DA:296,14
DA:296,14
DA:302,1
DA:302,1
DA:305,5
DA:309,11
DA:310,11
DA:311,11
DA:312,11
DA:313,11
DA:314,11
DA:315,11
DA:316,11
DA:321,4
DA:324,11
DA:325,11
DA:331,31
DA:332,31
DA:333,31
DA:335,31
DA:336,31
DA:337,31
DA:338,31
DA:339,31
DA:345,62
DA:348,202
DA:349,202
DA:350,202
DA:351,202
DA:352,202
DA:353,202
DA:354,202
DA:361,11
DA:362,11
DA:365,11
DA:366,11
DA:368,11
DA:369,11
DA:370,11
DA:371,11
DA:372,11
DA:373,11
DA:374,11
DA:375,11
DA:378,11
DA:379,11
DA:380,11
DA:383,11
DA:384,11
DA:385,11
DA:386,11
DA:402,12
DA:403,12
DA:409,12
DA:410,12
DA:417,12
DA:418,12
DA:451,15
DA:461,1
DA:462,1
DA:463,1
DA:464,1
DA:465,1
DA:466,1
DA:467,1
DA:470,1
DA:472,1
DA:473,1
DA:474,1
DA:475,1
DA:480,3
DA:498,3
DA:483,3
DA:486,3
DA:487,3
DA:488,3
DA:489,3
DA:495,3
DA:491,3
DA:492,3
DA:493,3
DA:506,7
DA:507,7
DA:508,7
DA:509,7
DA:510,7
DA:511,7
DA:512,7
DA:515,7
DA:517,7
DA:518,7
DA:519,7
DA:520,7
DA:524,16
DA:542,16
DA:527,16
DA:530,16
DA:531,16
DA:532,16
DA:533,16
DA:539,16
DA:535,16
DA:536,16
DA:537,16
end_of_record